2021-02-21 01:33:57,643 INFO raft peers changed: [Member{ip='192.168.0.104', port=8848, state=UP, extendInfo={raftPort=7848, version=2.0.0-BETA}}]

2021-02-21 01:33:57,680 INFO initializing Raft sub-system

2021-02-21 01:33:57,681 INFO finish loading all datums, size: 0 cost 1 ms.

2021-02-21 01:33:57,686 INFO cache loaded, datum count: 0, current term: 0

2021-02-21 01:33:57,686 INFO finish to load data from disk, cost: 6 ms.

2021-02-21 01:33:57,690 INFO timer started: leader timeout ms: 15000, heart-beat timeout ms: 5000

2021-02-21 01:33:57,839 INFO add listener: com.alibaba.nacos.naming.domains.meta.

2021-02-21 01:33:58,487 INFO add listener: com.alibaba.nacos.naming.domains.meta.00-00---000-NACOS_SWITCH_DOMAIN-000---00-00

2021-02-21 01:34:01,227 INFO leader timeout, start voting,leader: {"ip":"192.168.0.104:8848","term":0,"leaderDueMs":16035,"heartbeatDueMs":4500,"state":"FOLLOWER"}, term: 0

2021-02-21 01:34:02,674 WARN start to close old raft protocol!!!

2021-02-21 01:34:02,674 WARN stop old raft protocol task for notifier

2021-02-21 01:34:02,674 WARN stop old raft protocol task for master task

2021-02-21 01:34:02,674 WARN stop old raft protocol task for heartbeat task

2021-02-21 01:34:02,674 WARN clean old cache datum for old raft

2021-02-21 01:34:02,674 WARN start to close old raft protocol!!!

2021-02-21 01:34:02,674 WARN stop old raft protocol task for notifier

2021-02-21 01:34:02,674 WARN stop old raft protocol task for master task

2021-02-21 01:34:02,674 WARN stop old raft protocol task for heartbeat task

2021-02-21 01:34:02,674 WARN clean old cache datum for old raft

2021-02-21 01:34:02,674 WARN start to move old raft protocol metadata

2021-02-21 01:34:02,674 WARN start to move old raft protocol metadata

